system/loggerd/bootlog.cc: bootlog to /home/dengjian/.comma/media/0/realdata/boot/000000fb--db36ffab91.zst
README.md: needs update
camera/cam_blindspot: needs update
cereal/custom.capnp: needs update
cereal/log.capnp: needs update
cereal/services.py: needs update
common/params.cc: needs update
common/params.h: needs update
common/params_keys.h: needs update
opendbc_repo/opendbc/car/car_helpers.py: needs update
opendbc_repo/opendbc/car/interfaces.py: needs update
opendbc_repo/opendbc/car/toyota/carcontroller.py: needs update
opendbc_repo/opendbc/car/toyota/carstate.py: needs update
opendbc_repo/opendbc/car/toyota/fingerprints.py: needs update
opendbc_repo/opendbc/car/toyota/interface.py: needs update
opendbc_repo/opendbc/car/toyota/toyotacan.py: needs update
opendbc_repo/opendbc/car/toyota/values.py: needs update
panda/board/obj/gitversion.h: needs update
pyproject.toml: needs update
selfdrive/car/card.py: needs update
selfdrive/controls/controlsd.py: needs update
selfdrive/controls/lib/drive_helpers.py: needs update
selfdrive/controls/lib/latcontrol.py: needs update
selfdrive/controls/lib/latcontrol_pid.py: needs update
selfdrive/controls/lib/latcontrol_torque.py: needs update
selfdrive/controls/lib/lateral_mpc_lib/lat_mpc.py: needs update
selfdrive/locationd/locationd_jy62: needs update
selfdrive/selfdrived/selfdrived.py: needs update
selfdrive/ui/SConscript: needs update
selfdrive/ui/carrot.cc: needs update
selfdrive/ui/carrot_gpu.cc: needs update
selfdrive/ui/qt/offroad/settings.cc: needs update
selfdrive/ui/qt/onroad/model.cc: needs update
selfdrive/ui/translations/main_ar.ts: needs update
selfdrive/ui/translations/main_de.ts: needs update
selfdrive/ui/translations/main_es.ts: needs update
selfdrive/ui/translations/main_fr.ts: needs update
selfdrive/ui/translations/main_ja.ts: needs update
selfdrive/ui/translations/main_ko.ts: needs update
selfdrive/ui/translations/main_pt-BR.ts: needs update
selfdrive/ui/translations/main_th.ts: needs update
selfdrive/ui/translations/main_tr.ts: needs update
selfdrive/ui/translations/main_zh-CHS.ts: needs update
selfdrive/ui/translations/main_zh-CHT.ts: needs update
system/hardware/hw.h: needs update
system/hardware/hw.py: needs update
system/manager/manager.py: needs update
tools/install_python_dependencies.sh: needs update
tools/op.sh: needs update
tools/sim/bridge/metadrive/metadrive_bridge.py: needs update
 * Serving Flask app 'selfdrive.frogpilot.fleetmanager.fleet_manager'
 * Debug mode: off
INFO:werkzeug:[31m[1mWARNING: This is a development server. Do not use it in a production deployment. Use a production WSGI server instead.[0m
 * Running on all addresses (0.0.0.0)
 * Running on http://127.0.0.1:8082
 * Running on http://10.194.32.122:8082
INFO:werkzeug:[33mPress CTRL+C to quit[0m
Exception in thread Thread-4 (_udp_recv_thread):
Traceback (most recent call last):
  File "/usr/lib/python3.12/threading.py", line 1073, in _bootstrap_inner
Exception in thread Thread-3 (_lane_recv_thread):
Traceback (most recent call last):
  File "/usr/lib/python3.12/threading.py", line 1073, in _bootstrap_inner
    self.run()
    self.run()
  File "/usr/lib/python3.12/threading.py", line 1010, in run
Exception in thread Thread-7 (start_web_server):
  File "/usr/lib/python3.12/threading.py", line 1010, in run
Traceback (most recent call last):
    self._target(*self._args, **self._kwargs)
  File "/usr/lib/python3.12/threading.py", line 1073, in _bootstrap_inner
  File "/home/dengjian/openpilot/openpilot/selfdrive/carrot/amap_navi.py", line 677, in _udp_recv_thread
    self._target(*self._args, **self._kwargs)
  File "/home/dengjian/openpilot/openpilot/selfdrive/carrot/amap_navi.py", line 604, in _lane_recv_thread
    sock.bind(('0.0.0.0', self.listen_port))
Exception in thread Thread-8 (carrot_cmd_zmq):
OSError: [Errno 98] Address already in use
Traceback (most recent call last):
    sock.bind(('0.0.0.0', self.lane_port))
  File "/usr/lib/python3.12/threading.py", line 1073, in _bootstrap_inner
OSError: [Errno 98] Address already in use
    self.run()
    self.run()
  File "/usr/lib/python3.12/threading.py", line 1010, in run
  File "/usr/lib/python3.12/threading.py", line 1010, in run
    self._target(*self._args, **self._kwargs)
    self._target(*self._args, **self._kwargs)
  File "/home/dengjian/openpilot/openpilot/selfdrive/carrot/web_interface.py", line 277, in start_web_server
  File "/home/dengjian/openpilot/selfdrive/carrot/carrot_man.py", line 846, in carrot_cmd_zmq
    self.web_server = HTTPServer(('0.0.0.0', self.port), handler)
                      ^^^^^^^^^^^^^^^^^^^^^^^^^^^^^^^^^^^^^^^^^^^
  File "/usr/lib/python3.12/socketserver.py", line 457, in __init__
    socket, poller = setup_socket()
                     ^^^^^^^^^^^^^^
  File "/home/dengjian/openpilot/selfdrive/carrot/carrot_man.py", line 841, in setup_socket
    self.server_bind()
  File "/usr/lib/python3.12/http/server.py", line 136, in server_bind
    socketserver.TCPServer.server_bind(self)
  File "/usr/lib/python3.12/socketserver.py", line 473, in server_bind
    socket.bind("tcp://*:7710")
  File "/home/dengjian/openpilot/.venv/lib/python3.12/site-packages/zmq/sugar/socket.py", line 320, in bind
    self.socket.bind(self.server_address)
OSError: [Errno 98] Address already in use
    super().bind(addr)
  File "_zmq.py", line 942, in zmq.backend.cython._zmq.Socket.bind
  File "_zmq.py", line 180, in zmq.backend.cython._zmq._check_rc
zmq.error.ZMQError: Address already in use (addr='tcp://*:7710')
: libpng warning: iCCP: known incorrect sRGB profile
: libpng warning: iCCP: known incorrect sRGB profile
[31mui[0m [32mdeleter[0m [32mhardwared[0m [32mstatsd[0m [32mfleet_manager[0m [32mcarrot_man[0m
[31mui[0m [32mdeleter[0m [32mhardwared[0m [32mstatsd[0m [32mfleet_manager[0m [32mcarrot_man[0m
kj/filesystem-disk-unix.c++:1734: warning: PWD environment variable doesn't match current directory; pwd = /home/dengjian/openpilot/system/manager
VIN 00000000000000000
VIN 00000000000000000
modeld init
setting up CL context
CL context ready; loading model
models loaded in 0.6s, modeld starting
vision stream set up, main_wide_camera: False, use_extra_client: False
connected main cam with buffer size: 3493536 (1928 x 1208)
{'event': 'fingerprinted', 'car_fingerprint': 'HONDA_CIVIC_2022', 'source': 2, 'fuzzy': False, 'cached': False, 'fw_count': 0, 'ecu_responses': [], 'vin_rx_addr': -1, 'vin_rx_bus': -1, 'fingerprints': '{0: {344: 8, 464: 8, 662: 4, 401: 8, 304: 8, 773: 7, 399: 7, 330: 8, 420: 8, 432: 7, 427: 3, 450: 8, 1029: 8, 882: 8, 804: 8, 467: 8, 806: 8, 380: 8, 777: 8}, 1: {}, 2: {228: 5, 780: 8, 829: 8}, 3: {}, 4: {}, 5: {}, 6: {}, 7: {}}', 'fw_query_time': 0.002683574000002409}
{'event': 'fingerprinted', 'car_fingerprint': 'HONDA_CIVIC_2022', 'source': 2, 'fuzzy': False, 'cached': False, 'fw_count': 0, 'ecu_responses': [], 'vin_rx_addr': -1, 'vin_rx_bus': -1, 'fingerprints': '{0: {344: 8, 464: 8, 662: 4, 401: 8, 304: 8, 773: 7, 399: 7, 330: 8, 420: 8, 432: 7, 427: 3, 450: 8, 1029: 8, 882: 8, 804: 8, 467: 8, 806: 8, 380: 8, 777: 8}, 1: {}, 2: {228: 5, 780: 8, 829: 8}, 3: {}, 4: {}, 5: {}, 6: {}, 7: {}}', 'fw_query_time': 0.002683574000002409}
{"event": "selfdrived.initialized", "dt": 0.0, "timeout": false, "canValid": true, "invalid": ["deviceState", "pandaStates", "peripheralState", "modelV2", "liveCalibration", "carOutput", "driverMonitoringState", "longitudinalPlan", "liveLocationKalman", "managerState", "liveParameters", "radarState", "liveTorqueParameters", "controlsState", "carControl", "driverAssistance", "alertDebug", "roadCameraState", "gpsLocation"], "not_alive": ["deviceState", "pandaStates", "peripheralState", "modelV2", "liveCalibration", "driverMonitoringState", "longitudinalPlan", "liveLocationKalman", "managerState", "liveParameters", "radarState", "liveTorqueParameters", "controlsState", "carControl", "driverAssistance", "alertDebug", "roadCameraState", "gpsLocation"], "not_freq_ok": [], "error": true}
skipping model eval. Dropped 61 frames
---[15:03:07]atc_type change, curr:none, prev:
{"event": "process_not_running", "not_running": "{'ui'}", "error": true}
[0]Gyro: v[0]=0.000,v[1]=0.000,v[2]=0.000
[10]Gyro: v[0]=0.000,v[1]=0.000,v[2]=0.000
[20]Gyro: v[0]=0.000,v[1]=0.000,v[2]=0.000
[30]Gyro: v[0]=0.000,v[1]=0.000,v[2]=0.000
[40]Gyro: v[0]=0.000,v[1]=0.000,v[2]=0.000
[50]Gyro: v[0]=0.000,v[1]=0.000,v[2]=0.000
[60]Gyro: v[0]=0.000,v[1]=0.000,v[2]=0.000
[70]Gyro: v[0]=0.000,v[1]=0.000,v[2]=0.000
[80]Gyro: v[0]=0.000,v[1]=0.000,v[2]=0.000
[90]Gyro: v[0]=0.000,v[1]=0.000,v[2]=0.000
[100]Gyro: v[0]=0.000,v[1]=0.000,v[2]=0.000
[110]Gyro: v[0]=0.000,v[1]=0.000,v[2]=0.000
[120]Gyro: v[0]=0.000,v[1]=0.000,v[2]=0.000
[130]Gyro: v[0]=0.000,v[1]=0.000,v[2]=0.000
[140]Gyro: v[0]=0.000,v[1]=0.000,v[2]=0.000
[150]Gyro: v[0]=0.000,v[1]=0.000,v[2]=0.000
[160]Gyro: v[0]=0.000,v[1]=0.000,v[2]=0.000
[170]Gyro: v[0]=0.000,v[1]=0.000,v[2]=0.000
[180]Gyro: v[0]=0.000,v[1]=0.000,v[2]=0.000
[190]Gyro: v[0]=0.000,v[1]=0.000,v[2]=0.000
[200]Gyro: v[0]=0.000,v[1]=0.000,v[2]=0.000
[210]Gyro: v[0]=0.000,v[1]=0.000,v[2]=0.000
[220]Gyro: v[0]=0.000,v[1]=0.000,v[2]=0.000
[230]Gyro: v[0]=0.000,v[1]=0.000,v[2]=0.000
[240]Gyro: v[0]=0.000,v[1]=0.000,v[2]=0.000
[250]Gyro: v[0]=0.000,v[1]=0.000,v[2]=0.000
[260]Gyro: v[0]=0.000,v[1]=0.000,v[2]=0.000
[270]Gyro: v[0]=0.000,v[1]=0.000,v[2]=0.000
[280]Gyro: v[0]=0.000,v[1]=0.000,v[2]=0.000
[290]Gyro: v[0]=0.000,v[1]=0.000,v[2]=0.000
[300]Gyro: v[0]=0.000,v[1]=0.000,v[2]=0.000
[310]Gyro: v[0]=0.000,v[1]=0.000,v[2]=0.000
[320]Gyro: v[0]=0.000,v[1]=0.000,v[2]=0.000
[330]Gyro: v[0]=0.000,v[1]=0.000,v[2]=0.000
[340]Gyro: v[0]=0.000,v[1]=0.000,v[2]=0.000
[350]Gyro: v[0]=0.000,v[1]=0.000,v[2]=0.000
[360]Gyro: v[0]=0.000,v[1]=0.000,v[2]=0.000
[370]Gyro: v[0]=0.000,v[1]=0.000,v[2]=0.000
[380]Gyro: v[0]=0.000,v[1]=0.000,v[2]=0.000
[390]Gyro: v[0]=0.000,v[1]=0.000,v[2]=0.000
[400]Gyro: v[0]=0.000,v[1]=0.000,v[2]=0.000
[410]Gyro: v[0]=0.000,v[1]=0.000,v[2]=0.000
[420]Gyro: v[0]=0.000,v[1]=0.000,v[2]=0.000
[430]Gyro: v[0]=0.000,v[1]=0.000,v[2]=0.000
[440]Gyro: v[0]=0.000,v[1]=0.000,v[2]=0.000
[450]Gyro: v[0]=0.000,v[1]=0.000,v[2]=0.000
[460]Gyro: v[0]=0.000,v[1]=0.000,v[2]=0.000
[470]Gyro: v[0]=0.000,v[1]=0.000,v[2]=0.000
[480]Gyro: v[0]=0.000,v[1]=0.000,v[2]=0.000
[490]Gyro: v[0]=0.000,v[1]=0.000,v[2]=0.000
[500]Gyro: v[0]=0.000,v[1]=0.000,v[2]=0.000
[510]Gyro: v[0]=0.000,v[1]=0.000,v[2]=0.000
[520]Gyro: v[0]=0.000,v[1]=0.000,v[2]=0.000
[530]Gyro: v[0]=0.000,v[1]=0.000,v[2]=0.000
[540]Gyro: v[0]=0.000,v[1]=0.000,v[2]=0.000
[550]Gyro: v[0]=0.000,v[1]=0.000,v[2]=0.000
[560]Gyro: v[0]=0.000,v[1]=0.000,v[2]=0.000
[570]Gyro: v[0]=0.000,v[1]=0.000,v[2]=0.000
[580]Gyro: v[0]=0.000,v[1]=0.000,v[2]=0.000
[590]Gyro: v[0]=0.000,v[1]=0.000,v[2]=0.000
[600]Gyro: v[0]=0.000,v[1]=0.000,v[2]=0.000
[610]Gyro: v[0]=0.000,v[1]=0.000,v[2]=0.000
[620]Gyro: v[0]=0.000,v[1]=0.000,v[2]=0.000
[630]Gyro: v[0]=0.000,v[1]=0.000,v[2]=0.000
[640]Gyro: v[0]=0.000,v[1]=0.000,v[2]=0.000
[650]Gyro: v[0]=0.000,v[1]=0.000,v[2]=0.000
[660]Gyro: v[0]=0.000,v[1]=0.000,v[2]=0.000
[670]Gyro: v[0]=0.000,v[1]=0.000,v[2]=0.000
[680]Gyro: v[0]=0.000,v[1]=0.000,v[2]=0.000
[690]Gyro: v[0]=0.000,v[1]=0.000,v[2]=0.000
[700]Gyro: v[0]=0.000,v[1]=0.000,v[2]=0.000
[710]Gyro: v[0]=0.000,v[1]=0.000,v[2]=0.000
[720]Gyro: v[0]=0.000,v[1]=0.000,v[2]=0.000
[730]Gyro: v[0]=0.000,v[1]=0.000,v[2]=0.000
[740]Gyro: v[0]=0.000,v[1]=0.000,v[2]=0.000
[750]Gyro: v[0]=0.000,v[1]=0.000,v[2]=0.000
[760]Gyro: v[0]=0.000,v[1]=0.000,v[2]=0.000
[770]Gyro: v[0]=0.000,v[1]=0.000,v[2]=0.000
[780]Gyro: v[0]=0.000,v[1]=0.000,v[2]=0.000
[790]Gyro: v[0]=0.000,v[1]=0.000,v[2]=0.000
[800]Gyro: v[0]=0.000,v[1]=0.000,v[2]=0.000
[810]Gyro: v[0]=0.000,v[1]=0.000,v[2]=0.000
[820]Gyro: v[0]=0.000,v[1]=0.000,v[2]=0.000
[830]Gyro: v[0]=0.000,v[1]=0.000,v[2]=0.000
[840]Gyro: v[0]=0.000,v[1]=0.000,v[2]=0.000
[850]Gyro: v[0]=0.000,v[1]=0.000,v[2]=0.000
[860]Gyro: v[0]=0.000,v[1]=0.000,v[2]=0.000
[870]Gyro: v[0]=0.000,v[1]=0.000,v[2]=0.000
[880]Gyro: v[0]=0.000,v[1]=0.000,v[2]=0.000
[890]Gyro: v[0]=0.000,v[1]=0.000,v[2]=0.000
[900]Gyro: v[0]=0.000,v[1]=0.000,v[2]=0.000
[910]Gyro: v[0]=0.000,v[1]=0.000,v[2]=0.000
[920]Gyro: v[0]=0.000,v[1]=0.000,v[2]=0.000
[930]Gyro: v[0]=0.000,v[1]=0.000,v[2]=0.000
[940]Gyro: v[0]=0.000,v[1]=0.000,v[2]=0.000
[950]Gyro: v[0]=0.000,v[1]=0.000,v[2]=0.000
[960]Gyro: v[0]=0.000,v[1]=0.000,v[2]=0.000
[970]Gyro: v[0]=0.000,v[1]=0.000,v[2]=0.000
[980]Gyro: v[0]=0.000,v[1]=0.000,v[2]=0.000
[990]Gyro: v[0]=0.000,v[1]=0.000,v[2]=0.000
Killing old publisher: amapNavi
Killing old publisher: carrotMan
Traceback (most recent call last):
  File "/home/dengjian/openpilot/selfdrive/carrot/carrot_man.py", line 416, in broadcast_version_info
    self.carrot_serv.update_navi(remote_ip, self.sm, self.pm, vturn_speed, coords, distances, route_speed)
  File "/home/dengjian/openpilot/openpilot/selfdrive/carrot/carrot_serv.py", line 1498, in update_navi
    pm.send('carrotMan', msg)
  File "/home/dengjian/openpilot/cereal/messaging/__init__.py", line 247, in send
    self.sock[s].send(dat)
  File "msgq_repo/msgq/ipc_pyx.pyx", line 246, in msgq.ipc_pyx.PubSocket.send
msgq.ipc_pyx.MultiplePublishersError: Messaging failure : Address already in use
Killing old publisher: liveLocationKalman
Killing old publisher: carOutput
{"event": "process_not_running", "not_running": "{'fleet_manager'}", "error": true}
Killing old publisher: liveLocationKalman
Killing old publisher: liveParameters
crash
Traceback (most recent call last):
  File "/home/dengjian/openpilot/openpilot/system/manager/process.py", line 41, in launcher
    mod.main()
  File "/home/dengjian/openpilot/selfdrive/locationd/paramsd.py", line 263, in main
    pm.send('liveParameters', msg)
  File "/home/dengjian/openpilot/cereal/messaging/__init__.py", line 247, in send
    self.sock[s].send(dat)
  File "msgq_repo/msgq/ipc_pyx.pyx", line 246, in msgq.ipc_pyx.PubSocket.send
msgq.ipc_pyx.MultiplePublishersError: Messaging failure : Address already in use
Process paramsd:
Traceback (most recent call last):
  File "/usr/lib/python3.12/multiprocessing/process.py", line 314, in _bootstrap
    self.run()
  File "/usr/lib/python3.12/multiprocessing/process.py", line 108, in run
    self._target(*self._args, **self._kwargs)
  File "/home/dengjian/openpilot/openpilot/system/manager/process.py", line 41, in launcher
    mod.main()
  File "/home/dengjian/openpilot/selfdrive/locationd/paramsd.py", line 263, in main
    pm.send('liveParameters', msg)
  File "/home/dengjian/openpilot/cereal/messaging/__init__.py", line 247, in send
    self.sock[s].send(dat)
  File "msgq_repo/msgq/ipc_pyx.pyx", line 246, in msgq.ipc_pyx.PubSocket.send
msgq.ipc_pyx.MultiplePublishersError: Messaging failure : Address already in use
crash
Traceback (most recent call last):
  File "/home/dengjian/openpilot/openpilot/system/manager/process.py", line 41, in launcher
    mod.main()
  File "/home/dengjian/openpilot/selfdrive/car/card.py", line 332, in main
    car.card_thread()
  File "/home/dengjian/openpilot/selfdrive/car/card.py", line 320, in card_thread
    self.step()
  File "/home/dengjian/openpilot/selfdrive/car/card.py", line 297, in step
    self.state_publish(CS, RD)
  File "/home/dengjian/openpilot/selfdrive/car/card.py", line 260, in state_publish
    self.pm.send('carOutput', co_send)
  File "/home/dengjian/openpilot/cereal/messaging/__init__.py", line 247, in send
    self.sock[s].send(dat)
  File "msgq_repo/msgq/ipc_pyx.pyx", line 246, in msgq.ipc_pyx.PubSocket.send
msgq.ipc_pyx.MultiplePublishersError: Messaging failure : Address already in use
Process card:
Traceback (most recent call last):
  File "/usr/lib/python3.12/multiprocessing/process.py", line 314, in _bootstrap
    self.run()
  File "/usr/lib/python3.12/multiprocessing/process.py", line 108, in run
    self._target(*self._args, **self._kwargs)
  File "/home/dengjian/openpilot/openpilot/system/manager/process.py", line 41, in launcher
    mod.main()
  File "/home/dengjian/openpilot/selfdrive/car/card.py", line 332, in main
    car.card_thread()
  File "/home/dengjian/openpilot/selfdrive/car/card.py", line 320, in card_thread
    self.step()
  File "/home/dengjian/openpilot/selfdrive/car/card.py", line 297, in step
    self.state_publish(CS, RD)
  File "/home/dengjian/openpilot/selfdrive/car/card.py", line 260, in state_publish
    self.pm.send('carOutput', co_send)
  File "/home/dengjian/openpilot/cereal/messaging/__init__.py", line 247, in send
    self.sock[s].send(dat)
  File "msgq_repo/msgq/ipc_pyx.pyx", line 246, in msgq.ipc_pyx.PubSocket.send
msgq.ipc_pyx.MultiplePublishersError: Messaging failure : Address already in use
Waiting for CAN messages...
SelectedCar = HONDA_CIVIC_2022
Carrot GitBranch = b'cpv9-pc-dev', b"'1770599295 2026-02-09 09:08:15 +0800'"
########get_nn_model_path : HONDA_CIVIC_2022 
Estimated radar dt: 0.050198817253112794 sec
Killing old publisher: liveLocationKalman
Killing old publisher: liveCalibration
Killing old publisher: liveTorqueParameters
Killing old publisher: liveDelay
crash
Traceback (most recent call last):
  File "/home/dengjian/openpilot/openpilot/system/manager/process.py", line 41, in launcher
    mod.main()
  File "/home/dengjian/openpilot/selfdrive/locationd/torqued.py", line 252, in main
    pm.send('liveTorqueParameters', estimator.get_msg(valid=sm.all_checks()))
  File "/home/dengjian/openpilot/cereal/messaging/__init__.py", line 247, in send
    self.sock[s].send(dat)
  File "msgq_repo/msgq/ipc_pyx.pyx", line 246, in msgq.ipc_pyx.PubSocket.send
msgq.ipc_pyx.MultiplePublishersError: Messaging failure : Address already in use
crash
Traceback (most recent call last):
  File "/home/dengjian/openpilot/openpilot/system/manager/process.py", line 41, in launcher
    mod.main()
  File "/home/dengjian/openpilot/selfdrive/locationd/calibrationd.py", line 287, in main
    calibrator.send_data(pm, sm.all_checks())
  File "/home/dengjian/openpilot/selfdrive/locationd/calibrationd.py", line 254, in send_data
    pm.send('liveCalibration', self.get_msg(valid))
  File "/home/dengjian/openpilot/cereal/messaging/__init__.py", line 247, in send
    self.sock[s].send(dat)
  File "msgq_repo/msgq/ipc_pyx.pyx", line 246, in msgq.ipc_pyx.PubSocket.send
msgq.ipc_pyx.MultiplePublishersError: Messaging failure : Address already in use
crash
Traceback (most recent call last):
  File "/home/dengjian/openpilot/openpilot/system/manager/process.py", line 41, in launcher
    mod.main()
  File "/home/dengjian/openpilot/selfdrive/locationd/lagd.py", line 393, in main
    pm.send('liveDelay', lag_msg_dat)
  File "/home/dengjian/openpilot/cereal/messaging/__init__.py", line 247, in send
    self.sock[s].send(dat)
  File "msgq_repo/msgq/ipc_pyx.pyx", line 246, in msgq.ipc_pyx.PubSocket.send
msgq.ipc_pyx.MultiplePublishersError: Messaging failure : Address already in use
Killing old publisher: deviceState
Exception in thread Thread-3 (hardware_thread):
Traceback (most recent call last):
  File "/usr/lib/python3.12/threading.py", line 1073, in _bootstrap_inner
    self.run()
  File "/usr/lib/python3.12/threading.py", line 1010, in run
    self._target(*self._args, **self._kwargs)
  File "/home/dengjian/openpilot/system/hardware/hardwared.py", line 427, in hardware_thread
    pm.send("deviceState", msg)
  File "/home/dengjian/openpilot/cereal/messaging/__init__.py", line 247, in send
    self.sock[s].send(dat)
  File "msgq_repo/msgq/ipc_pyx.pyx", line 246, in msgq.ipc_pyx.PubSocket.send
msgq.ipc_pyx.MultiplePublishersError: Messaging failure : Address already in use
Process torqued:
Traceback (most recent call last):
  File "/usr/lib/python3.12/multiprocessing/process.py", line 314, in _bootstrap
    self.run()
  File "/usr/lib/python3.12/multiprocessing/process.py", line 108, in run
    self._target(*self._args, **self._kwargs)
  File "/home/dengjian/openpilot/openpilot/system/manager/process.py", line 41, in launcher
    mod.main()
  File "/home/dengjian/openpilot/selfdrive/locationd/torqued.py", line 252, in main
    pm.send('liveTorqueParameters', estimator.get_msg(valid=sm.all_checks()))
  File "/home/dengjian/openpilot/cereal/messaging/__init__.py", line 247, in send
    self.sock[s].send(dat)
  File "msgq_repo/msgq/ipc_pyx.pyx", line 246, in msgq.ipc_pyx.PubSocket.send
msgq.ipc_pyx.MultiplePublishersError: Messaging failure : Address already in use
Process calibrationd:
Traceback (most recent call last):
  File "/usr/lib/python3.12/multiprocessing/process.py", line 314, in _bootstrap
    self.run()
  File "/usr/lib/python3.12/multiprocessing/process.py", line 108, in run
    self._target(*self._args, **self._kwargs)
  File "/home/dengjian/openpilot/openpilot/system/manager/process.py", line 41, in launcher
    mod.main()
  File "/home/dengjian/openpilot/selfdrive/locationd/calibrationd.py", line 287, in main
    calibrator.send_data(pm, sm.all_checks())
  File "/home/dengjian/openpilot/selfdrive/locationd/calibrationd.py", line 254, in send_data
    pm.send('liveCalibration', self.get_msg(valid))
  File "/home/dengjian/openpilot/cereal/messaging/__init__.py", line 247, in send
    self.sock[s].send(dat)
  File "msgq_repo/msgq/ipc_pyx.pyx", line 246, in msgq.ipc_pyx.PubSocket.send
msgq.ipc_pyx.MultiplePublishersError: Messaging failure : Address already in use
Process lagd:
Traceback (most recent call last):
  File "/usr/lib/python3.12/multiprocessing/process.py", line 314, in _bootstrap
    self.run()
  File "/usr/lib/python3.12/multiprocessing/process.py", line 108, in run
    self._target(*self._args, **self._kwargs)
  File "/home/dengjian/openpilot/openpilot/system/manager/process.py", line 41, in launcher
    mod.main()
  File "/home/dengjian/openpilot/selfdrive/locationd/lagd.py", line 393, in main
    pm.send('liveDelay', lag_msg_dat)
  File "/home/dengjian/openpilot/cereal/messaging/__init__.py", line 247, in send
    self.sock[s].send(dat)
  File "msgq_repo/msgq/ipc_pyx.pyx", line 246, in msgq.ipc_pyx.PubSocket.send
msgq.ipc_pyx.MultiplePublishersError: Messaging failure : Address already in use
Killing old publisher: liveLocationKalman
Killing old publisher: liveLocationKalman
Killing old publisher: liveLocationKalman
Killing old publisher: liveLocationKalman
Killing old publisher: liveLocationKalman
Killing old publisher: managerState
Traceback (most recent call last):
  File "/home/dengjian/openpilot/system/manager/manager.py", line 428, in main
    manager_thread()
  File "/home/dengjian/openpilot/system/manager/manager.py", line 391, in manager_thread
    pm.send('managerState', msg)
  File "/home/dengjian/openpilot/cereal/messaging/__init__.py", line 247, in send
    self.sock[s].send(dat)
  File "msgq_repo/msgq/ipc_pyx.pyx", line 246, in msgq.ipc_pyx.PubSocket.send
msgq.ipc_pyx.MultiplePublishersError: Messaging failure : Address already in use
crash
Traceback (most recent call last):
  File "/home/dengjian/openpilot/system/manager/manager.py", line 428, in main
    manager_thread()
  File "/home/dengjian/openpilot/system/manager/manager.py", line 391, in manager_thread
    pm.send('managerState', msg)
  File "/home/dengjian/openpilot/cereal/messaging/__init__.py", line 247, in send
    self.sock[s].send(dat)
  File "msgq_repo/msgq/ipc_pyx.pyx", line 246, in msgq.ipc_pyx.PubSocket.send
msgq.ipc_pyx.MultiplePublishersError: Messaging failure : Address already in use
Killing old publisher: liveLocationKalman
Killing old publisher: navInstruction
navd.failed_to_compute
Traceback (most recent call last):
  File "/home/dengjian/openpilot/selfdrive/navd/navd.py", line 92, in update
    self.send_instruction()
  File "/home/dengjian/openpilot/selfdrive/navd/navd.py", line 227, in send_instruction
    self.pm.send('navInstruction', msg)
  File "/home/dengjian/openpilot/cereal/messaging/__init__.py", line 247, in send
    self.sock[s].send(dat)
  File "msgq_repo/msgq/ipc_pyx.pyx", line 246, in msgq.ipc_pyx.PubSocket.send
msgq.ipc_pyx.MultiplePublishersError: Messaging failure : Address already in use
Killing old publisher: amapNavi
Killing old publisher: carrotMan
Traceback (most recent call last):
  File "/home/dengjian/openpilot/selfdrive/carrot/carrot_man.py", line 416, in broadcast_version_info
    self.carrot_serv.update_navi(remote_ip, self.sm, self.pm, vturn_speed, coords, distances, route_speed)
  File "/home/dengjian/openpilot/openpilot/selfdrive/carrot/carrot_serv.py", line 1498, in update_navi
    pm.send('carrotMan', msg)
  File "/home/dengjian/openpilot/cereal/messaging/__init__.py", line 247, in send
    self.sock[s].send(dat)
  File "msgq_repo/msgq/ipc_pyx.pyx", line 246, in msgq.ipc_pyx.PubSocket.send
msgq.ipc_pyx.MultiplePublishersError: Messaging failure : Address already in use
{"event": "process_not_running", "not_running": "{'fleet_manager', 'lane'}", "error": true}
Killing old publisher: navInstruction
navd.failed_to_compute
Traceback (most recent call last):
  File "/home/dengjian/openpilot/selfdrive/navd/navd.py", line 92, in update
    self.send_instruction()
  File "/home/dengjian/openpilot/selfdrive/navd/navd.py", line 227, in send_instruction
    self.pm.send('navInstruction', msg)
  File "/home/dengjian/openpilot/cereal/messaging/__init__.py", line 247, in send
    self.sock[s].send(dat)
  File "msgq_repo/msgq/ipc_pyx.pyx", line 246, in msgq.ipc_pyx.PubSocket.send
msgq.ipc_pyx.MultiplePublishersError: Messaging failure : Address already in use
Killing old publisher: amapNavi
Killing old publisher: carrotMan
Traceback (most recent call last):
  File "/home/dengjian/openpilot/selfdrive/carrot/carrot_man.py", line 416, in broadcast_version_info
    self.carrot_serv.update_navi(remote_ip, self.sm, self.pm, vturn_speed, coords, distances, route_speed)
  File "/home/dengjian/openpilot/openpilot/selfdrive/carrot/carrot_serv.py", line 1498, in update_navi
    pm.send('carrotMan', msg)
  File "/home/dengjian/openpilot/cereal/messaging/__init__.py", line 247, in send
    self.sock[s].send(dat)
  File "msgq_repo/msgq/ipc_pyx.pyx", line 246, in msgq.ipc_pyx.PubSocket.send
msgq.ipc_pyx.MultiplePublishersError: Messaging failure : Address already in use
skipping model eval. Dropped 1 frames
Killing old publisher: modelV2
crash
Traceback (most recent call last):
  File "/home/dengjian/openpilot/selfdrive/modeld/./modeld.py", line 459, in <module>
    main(demo=args.demo)
  File "/home/dengjian/openpilot/selfdrive/modeld/./modeld.py", line 447, in main
    pm.send('modelV2', modelv2_send)
  File "/home/dengjian/openpilot/cereal/messaging/__init__.py", line 247, in send
    self.sock[s].send(dat)
  File "msgq_repo/msgq/ipc_pyx.pyx", line 246, in msgq.ipc_pyx.PubSocket.send
msgq.ipc_pyx.MultiplePublishersError: Messaging failure : Address already in use
Killing old publisher: selfdriveState
Traceback (most recent call last):
  File "/home/dengjian/openpilot/selfdrive/modeld/./modeld.py", line 459, in <module>
    main(demo=args.demo)
  File "/home/dengjian/openpilot/selfdrive/modeld/./modeld.py", line 447, in main
    pm.send('modelV2', modelv2_send)
  File "/home/dengjian/openpilot/cereal/messaging/__init__.py", line 247, in send
    self.sock[s].send(dat)
  File "msgq_repo/msgq/ipc_pyx.pyx", line 246, in msgq.ipc_pyx.PubSocket.send
msgq.ipc_pyx.MultiplePublishersError: Messaging failure : Address already in use
Killing old publisher: controlsState
crash
Traceback (most recent call last):
  File "/home/dengjian/openpilot/openpilot/system/manager/process.py", line 41, in launcher
    mod.main()
  File "/home/dengjian/openpilot/selfdrive/controls/controlsd.py", line 364, in main
    controls.run()
  File "/home/dengjian/openpilot/selfdrive/controls/controlsd.py", line 357, in run
    self.publish(CC, lac_log)
  File "/home/dengjian/openpilot/selfdrive/controls/controlsd.py", line 344, in publish
    self.pm.send('controlsState', dat)
  File "/home/dengjian/openpilot/cereal/messaging/__init__.py", line 247, in send
    self.sock[s].send(dat)
  File "msgq_repo/msgq/ipc_pyx.pyx", line 246, in msgq.ipc_pyx.PubSocket.send
msgq.ipc_pyx.MultiplePublishersError: Messaging failure : Address already in use
Killing old publisher: navInstruction
navd.failed_to_compute
Traceback (most recent call last):
  File "/home/dengjian/openpilot/selfdrive/navd/navd.py", line 92, in update
    self.send_instruction()
  File "/home/dengjian/openpilot/selfdrive/navd/navd.py", line 227, in send_instruction
    self.pm.send('navInstruction', msg)
  File "/home/dengjian/openpilot/cereal/messaging/__init__.py", line 247, in send
    self.sock[s].send(dat)
  File "msgq_repo/msgq/ipc_pyx.pyx", line 246, in msgq.ipc_pyx.PubSocket.send
msgq.ipc_pyx.MultiplePublishersError: Messaging failure : Address already in use
Process controlsd:
Traceback (most recent call last):
  File "/usr/lib/python3.12/multiprocessing/process.py", line 314, in _bootstrap
    self.run()
  File "/usr/lib/python3.12/multiprocessing/process.py", line 108, in run
    self._target(*self._args, **self._kwargs)
  File "/home/dengjian/openpilot/openpilot/system/manager/process.py", line 41, in launcher
    mod.main()
  File "/home/dengjian/openpilot/selfdrive/controls/controlsd.py", line 364, in main
    controls.run()
  File "/home/dengjian/openpilot/selfdrive/controls/controlsd.py", line 357, in run
    self.publish(CC, lac_log)
  File "/home/dengjian/openpilot/selfdrive/controls/controlsd.py", line 344, in publish
    self.pm.send('controlsState', dat)
  File "/home/dengjian/openpilot/cereal/messaging/__init__.py", line 247, in send
    self.sock[s].send(dat)
  File "msgq_repo/msgq/ipc_pyx.pyx", line 246, in msgq.ipc_pyx.PubSocket.send
msgq.ipc_pyx.MultiplePublishersError: Messaging failure : Address already in use
########get_nn_model_path : HONDA_CIVIC_2022 
Killing old publisher: radarState
crash
Traceback (most recent call last):
  File "/home/dengjian/openpilot/openpilot/system/manager/process.py", line 41, in launcher
    mod.main()
  File "/home/dengjian/openpilot/selfdrive/controls/radard.py", line 718, in main
    RD.publish(pm)
  File "/home/dengjian/openpilot/selfdrive/controls/radard.py", line 467, in publish
    pm.send("radarState", radar_msg)
  File "/home/dengjian/openpilot/cereal/messaging/__init__.py", line 247, in send
    self.sock[s].send(dat)
  File "msgq_repo/msgq/ipc_pyx.pyx", line 246, in msgq.ipc_pyx.PubSocket.send
msgq.ipc_pyx.MultiplePublishersError: Messaging failure : Address already in use
crash
Traceback (most recent call last):
  File "/home/dengjian/openpilot/openpilot/system/manager/process.py", line 41, in launcher
    mod.main()
  File "/home/dengjian/openpilot/selfdrive/selfdrived/selfdrived.py", line 641, in main
    s.run()
  File "/home/dengjian/openpilot/selfdrive/selfdrived/selfdrived.py", line 631, in run
    self.step()
  File "/home/dengjian/openpilot/selfdrive/selfdrived/selfdrived.py", line 608, in step
    self.publish_selfdriveState(CS)
  File "/home/dengjian/openpilot/selfdrive/selfdrived/selfdrived.py", line 591, in publish_selfdriveState
    self.pm.send('selfdriveState', ss_msg)
  File "/home/dengjian/openpilot/cereal/messaging/__init__.py", line 247, in send
    self.sock[s].send(dat)
  File "msgq_repo/msgq/ipc_pyx.pyx", line 246, in msgq.ipc_pyx.PubSocket.send
msgq.ipc_pyx.MultiplePublishersError: Messaging failure : Address already in use
Process radard:
Traceback (most recent call last):
  File "/usr/lib/python3.12/multiprocessing/process.py", line 314, in _bootstrap
    self.run()
  File "/usr/lib/python3.12/multiprocessing/process.py", line 108, in run
    self._target(*self._args, **self._kwargs)
  File "/home/dengjian/openpilot/openpilot/system/manager/process.py", line 41, in launcher
    mod.main()
  File "/home/dengjian/openpilot/selfdrive/controls/radard.py", line 718, in main
    RD.publish(pm)
  File "/home/dengjian/openpilot/selfdrive/controls/radard.py", line 467, in publish
    pm.send("radarState", radar_msg)
  File "/home/dengjian/openpilot/cereal/messaging/__init__.py", line 247, in send
    self.sock[s].send(dat)
  File "msgq_repo/msgq/ipc_pyx.pyx", line 246, in msgq.ipc_pyx.PubSocket.send
msgq.ipc_pyx.MultiplePublishersError: Messaging failure : Address already in use
###RadarD.. : delay =  0.10000000149011612 3
Process selfdrived:
Traceback (most recent call last):
  File "/usr/lib/python3.12/multiprocessing/process.py", line 314, in _bootstrap
    self.run()
  File "/usr/lib/python3.12/multiprocessing/process.py", line 108, in run
    self._target(*self._args, **self._kwargs)
  File "/home/dengjian/openpilot/openpilot/system/manager/process.py", line 41, in launcher
    mod.main()
  File "/home/dengjian/openpilot/selfdrive/selfdrived/selfdrived.py", line 641, in main
    s.run()
  File "/home/dengjian/openpilot/selfdrive/selfdrived/selfdrived.py", line 631, in run
    self.step()
  File "/home/dengjian/openpilot/selfdrive/selfdrived/selfdrived.py", line 608, in step
    self.publish_selfdriveState(CS)
  File "/home/dengjian/openpilot/selfdrive/selfdrived/selfdrived.py", line 591, in publish_selfdriveState
    self.pm.send('selfdriveState', ss_msg)
  File "/home/dengjian/openpilot/cereal/messaging/__init__.py", line 247, in send
    self.sock[s].send(dat)
  File "msgq_repo/msgq/ipc_pyx.pyx", line 246, in msgq.ipc_pyx.PubSocket.send
msgq.ipc_pyx.MultiplePublishersError: Messaging failure : Address already in use
####ET.ENABLE event.... [10]
#######State.disabled => enabled
#######State.enabled => softDisabling [81]
####ET.USER_DISABLE [4, 6, 81, 117]
Killing old publisher: lateralPlan
crash
Traceback (most recent call last):
  File "/home/dengjian/openpilot/openpilot/system/manager/process.py", line 41, in launcher
    mod.main()
  File "/home/dengjian/openpilot/selfdrive/controls/plannerd.py", line 34, in main
    lateral_planner.publish(sm, pm, carrot)
  File "/home/dengjian/openpilot/openpilot/selfdrive/controls/lib/lateral_planner.py", line 285, in publish
    pm.send('lateralPlan', plan_send)
  File "/home/dengjian/openpilot/cereal/messaging/__init__.py", line 247, in send
    self.sock[s].send(dat)
  File "msgq_repo/msgq/ipc_pyx.pyx", line 246, in msgq.ipc_pyx.PubSocket.send
msgq.ipc_pyx.MultiplePublishersError: Messaging failure : Address already in use
Process plannerd:
Traceback (most recent call last):
  File "/usr/lib/python3.12/multiprocessing/process.py", line 314, in _bootstrap
    self.run()
  File "/usr/lib/python3.12/multiprocessing/process.py", line 108, in run
    self._target(*self._args, **self._kwargs)
  File "/home/dengjian/openpilot/openpilot/system/manager/process.py", line 41, in launcher
    mod.main()
  File "/home/dengjian/openpilot/selfdrive/controls/plannerd.py", line 34, in main
    lateral_planner.publish(sm, pm, carrot)
  File "/home/dengjian/openpilot/openpilot/selfdrive/controls/lib/lateral_planner.py", line 285, in publish
    pm.send('lateralPlan', plan_send)
  File "/home/dengjian/openpilot/cereal/messaging/__init__.py", line 247, in send
    self.sock[s].send(dat)
  File "msgq_repo/msgq/ipc_pyx.pyx", line 246, in msgq.ipc_pyx.PubSocket.send
msgq.ipc_pyx.MultiplePublishersError: Messaging failure : Address already in use
Killing old publisher: amapNavi
Killing old publisher: carrotMan
Traceback (most recent call last):
  File "/home/dengjian/openpilot/selfdrive/carrot/carrot_man.py", line 416, in broadcast_version_info
    self.carrot_serv.update_navi(remote_ip, self.sm, self.pm, vturn_speed, coords, distances, route_speed)
  File "/home/dengjian/openpilot/openpilot/selfdrive/carrot/carrot_serv.py", line 1498, in update_navi
    pm.send('carrotMan', msg)
  File "/home/dengjian/openpilot/cereal/messaging/__init__.py", line 247, in send
    self.sock[s].send(dat)
  File "msgq_repo/msgq/ipc_pyx.pyx", line 246, in msgq.ipc_pyx.PubSocket.send
msgq.ipc_pyx.MultiplePublishersError: Messaging failure : Address already in use
Killing old publisher: navInstruction
navd.failed_to_compute
Traceback (most recent call last):
  File "/home/dengjian/openpilot/selfdrive/navd/navd.py", line 92, in update
    self.send_instruction()
  File "/home/dengjian/openpilot/selfdrive/navd/navd.py", line 227, in send_instruction
    self.pm.send('navInstruction', msg)
  File "/home/dengjian/openpilot/cereal/messaging/__init__.py", line 247, in send
    self.sock[s].send(dat)
  File "msgq_repo/msgq/ipc_pyx.pyx", line 246, in msgq.ipc_pyx.PubSocket.send
msgq.ipc_pyx.MultiplePublishersError: Messaging failure : Address already in use
Killing old publisher: amapNavi
Killing old publisher: carrotMan
Traceback (most recent call last):
  File "/home/dengjian/openpilot/selfdrive/carrot/carrot_man.py", line 416, in broadcast_version_info
    self.carrot_serv.update_navi(remote_ip, self.sm, self.pm, vturn_speed, coords, distances, route_speed)
  File "/home/dengjian/openpilot/openpilot/selfdrive/carrot/carrot_serv.py", line 1498, in update_navi
    pm.send('carrotMan', msg)
  File "/home/dengjian/openpilot/cereal/messaging/__init__.py", line 247, in send
    self.sock[s].send(dat)
  File "msgq_repo/msgq/ipc_pyx.pyx", line 246, in msgq.ipc_pyx.PubSocket.send
msgq.ipc_pyx.MultiplePublishersError: Messaging failure : Address already in use
Killing old publisher: navInstruction
navd.failed_to_compute
Traceback (most recent call last):
  File "/home/dengjian/openpilot/selfdrive/navd/navd.py", line 92, in update
    self.send_instruction()
  File "/home/dengjian/openpilot/selfdrive/navd/navd.py", line 227, in send_instruction
    self.pm.send('navInstruction', msg)
  File "/home/dengjian/openpilot/cereal/messaging/__init__.py", line 247, in send
    self.sock[s].send(dat)
  File "msgq_repo/msgq/ipc_pyx.pyx", line 246, in msgq.ipc_pyx.PubSocket.send
msgq.ipc_pyx.MultiplePublishersError: Messaging failure : Address already in use
Killing old publisher: amapNavi
Killing old publisher: carrotMan
Traceback (most recent call last):
  File "/home/dengjian/openpilot/selfdrive/carrot/carrot_man.py", line 416, in broadcast_version_info
    self.carrot_serv.update_navi(remote_ip, self.sm, self.pm, vturn_speed, coords, distances, route_speed)
  File "/home/dengjian/openpilot/openpilot/selfdrive/carrot/carrot_serv.py", line 1498, in update_navi
    pm.send('carrotMan', msg)
  File "/home/dengjian/openpilot/cereal/messaging/__init__.py", line 247, in send
    self.sock[s].send(dat)
  File "msgq_repo/msgq/ipc_pyx.pyx", line 246, in msgq.ipc_pyx.PubSocket.send
msgq.ipc_pyx.MultiplePublishersError: Messaging failure : Address already in use
Killing old publisher: navInstruction
navd.failed_to_compute
Traceback (most recent call last):
  File "/home/dengjian/openpilot/selfdrive/navd/navd.py", line 92, in update
    self.send_instruction()
  File "/home/dengjian/openpilot/selfdrive/navd/navd.py", line 227, in send_instruction
    self.pm.send('navInstruction', msg)
  File "/home/dengjian/openpilot/cereal/messaging/__init__.py", line 247, in send
    self.sock[s].send(dat)
  File "msgq_repo/msgq/ipc_pyx.pyx", line 246, in msgq.ipc_pyx.PubSocket.send
msgq.ipc_pyx.MultiplePublishersError: Messaging failure : Address already in use
Killing old publisher: amapNavi
Killing old publisher: carrotMan
Traceback (most recent call last):
  File "/home/dengjian/openpilot/selfdrive/carrot/carrot_man.py", line 416, in broadcast_version_info
    self.carrot_serv.update_navi(remote_ip, self.sm, self.pm, vturn_speed, coords, distances, route_speed)
  File "/home/dengjian/openpilot/openpilot/selfdrive/carrot/carrot_serv.py", line 1498, in update_navi
    pm.send('carrotMan', msg)
  File "/home/dengjian/openpilot/cereal/messaging/__init__.py", line 247, in send
    self.sock[s].send(dat)
  File "msgq_repo/msgq/ipc_pyx.pyx", line 246, in msgq.ipc_pyx.PubSocket.send
msgq.ipc_pyx.MultiplePublishersError: Messaging failure : Address already in use
Killing old publisher: navInstruction
navd.failed_to_compute
Traceback (most recent call last):
  File "/home/dengjian/openpilot/selfdrive/navd/navd.py", line 92, in update
    self.send_instruction()
  File "/home/dengjian/openpilot/selfdrive/navd/navd.py", line 227, in send_instruction
    self.pm.send('navInstruction', msg)
  File "/home/dengjian/openpilot/cereal/messaging/__init__.py", line 247, in send
    self.sock[s].send(dat)
  File "msgq_repo/msgq/ipc_pyx.pyx", line 246, in msgq.ipc_pyx.PubSocket.send
msgq.ipc_pyx.MultiplePublishersError: Messaging failure : Address already in use
Killing old publisher: amapNavi
Killing old publisher: carrotMan
Traceback (most recent call last):
  File "/home/dengjian/openpilot/selfdrive/carrot/carrot_man.py", line 416, in broadcast_version_info
    self.carrot_serv.update_navi(remote_ip, self.sm, self.pm, vturn_speed, coords, distances, route_speed)
  File "/home/dengjian/openpilot/openpilot/selfdrive/carrot/carrot_serv.py", line 1498, in update_navi
    pm.send('carrotMan', msg)
  File "/home/dengjian/openpilot/cereal/messaging/__init__.py", line 247, in send
    self.sock[s].send(dat)
  File "msgq_repo/msgq/ipc_pyx.pyx", line 246, in msgq.ipc_pyx.PubSocket.send
msgq.ipc_pyx.MultiplePublishersError: Messaging failure : Address already in use
Killing old publisher: navInstruction
navd.failed_to_compute
Traceback (most recent call last):
  File "/home/dengjian/openpilot/selfdrive/navd/navd.py", line 92, in update
    self.send_instruction()
  File "/home/dengjian/openpilot/selfdrive/navd/navd.py", line 227, in send_instruction
    self.pm.send('navInstruction', msg)
  File "/home/dengjian/openpilot/cereal/messaging/__init__.py", line 247, in send
    self.sock[s].send(dat)
  File "msgq_repo/msgq/ipc_pyx.pyx", line 246, in msgq.ipc_pyx.PubSocket.send
msgq.ipc_pyx.MultiplePublishersError: Messaging failure : Address already in use
Killing old publisher: amapNavi
Killing old publisher: carrotMan
Traceback (most recent call last):
  File "/home/dengjian/openpilot/selfdrive/carrot/carrot_man.py", line 416, in broadcast_version_info
    self.carrot_serv.update_navi(remote_ip, self.sm, self.pm, vturn_speed, coords, distances, route_speed)
  File "/home/dengjian/openpilot/openpilot/selfdrive/carrot/carrot_serv.py", line 1498, in update_navi
    pm.send('carrotMan', msg)
  File "/home/dengjian/openpilot/cereal/messaging/__init__.py", line 247, in send
    self.sock[s].send(dat)
  File "msgq_repo/msgq/ipc_pyx.pyx", line 246, in msgq.ipc_pyx.PubSocket.send
msgq.ipc_pyx.MultiplePublishersError: Messaging failure : Address already in use
Killing old publisher: navInstruction
navd.failed_to_compute
Traceback (most recent call last):
  File "/home/dengjian/openpilot/selfdrive/navd/navd.py", line 92, in update
    self.send_instruction()
  File "/home/dengjian/openpilot/selfdrive/navd/navd.py", line 227, in send_instruction
    self.pm.send('navInstruction', msg)
  File "/home/dengjian/openpilot/cereal/messaging/__init__.py", line 247, in send
    self.sock[s].send(dat)
  File "msgq_repo/msgq/ipc_pyx.pyx", line 246, in msgq.ipc_pyx.PubSocket.send
msgq.ipc_pyx.MultiplePublishersError: Messaging failure : Address already in use
Killing old publisher: amapNavi
Killing old publisher: carrotMan
Traceback (most recent call last):
  File "/home/dengjian/openpilot/selfdrive/carrot/carrot_man.py", line 416, in broadcast_version_info
    self.carrot_serv.update_navi(remote_ip, self.sm, self.pm, vturn_speed, coords, distances, route_speed)
  File "/home/dengjian/openpilot/openpilot/selfdrive/carrot/carrot_serv.py", line 1498, in update_navi
    pm.send('carrotMan', msg)
  File "/home/dengjian/openpilot/cereal/messaging/__init__.py", line 247, in send
    self.sock[s].send(dat)
  File "msgq_repo/msgq/ipc_pyx.pyx", line 246, in msgq.ipc_pyx.PubSocket.send
msgq.ipc_pyx.MultiplePublishersError: Messaging failure : Address already in use
Killing old publisher: navInstruction
navd.failed_to_compute
Traceback (most recent call last):
  File "/home/dengjian/openpilot/selfdrive/navd/navd.py", line 92, in update
    self.send_instruction()
  File "/home/dengjian/openpilot/selfdrive/navd/navd.py", line 227, in send_instruction
    self.pm.send('navInstruction', msg)
  File "/home/dengjian/openpilot/cereal/messaging/__init__.py", line 247, in send
    self.sock[s].send(dat)
  File "msgq_repo/msgq/ipc_pyx.pyx", line 246, in msgq.ipc_pyx.PubSocket.send
msgq.ipc_pyx.MultiplePublishersError: Messaging failure : Address already in use
Killing old publisher: amapNavi
Killing old publisher: carrotMan
Traceback (most recent call last):
  File "/home/dengjian/openpilot/selfdrive/carrot/carrot_man.py", line 416, in broadcast_version_info
    self.carrot_serv.update_navi(remote_ip, self.sm, self.pm, vturn_speed, coords, distances, route_speed)
  File "/home/dengjian/openpilot/openpilot/selfdrive/carrot/carrot_serv.py", line 1498, in update_navi
    pm.send('carrotMan', msg)
  File "/home/dengjian/openpilot/cereal/messaging/__init__.py", line 247, in send
    self.sock[s].send(dat)
  File "msgq_repo/msgq/ipc_pyx.pyx", line 246, in msgq.ipc_pyx.PubSocket.send
msgq.ipc_pyx.MultiplePublishersError: Messaging failure : Address already in use
Killing old publisher: navInstruction
navd.failed_to_compute
Traceback (most recent call last):
  File "/home/dengjian/openpilot/selfdrive/navd/navd.py", line 92, in update
    self.send_instruction()
  File "/home/dengjian/openpilot/selfdrive/navd/navd.py", line 227, in send_instruction
    self.pm.send('navInstruction', msg)
  File "/home/dengjian/openpilot/cereal/messaging/__init__.py", line 247, in send
    self.sock[s].send(dat)
  File "msgq_repo/msgq/ipc_pyx.pyx", line 246, in msgq.ipc_pyx.PubSocket.send
msgq.ipc_pyx.MultiplePublishersError: Messaging failure : Address already in use
Killing old publisher: amapNavi
Killing old publisher: carrotMan
Traceback (most recent call last):
  File "/home/dengjian/openpilot/selfdrive/carrot/carrot_man.py", line 416, in broadcast_version_info
    self.carrot_serv.update_navi(remote_ip, self.sm, self.pm, vturn_speed, coords, distances, route_speed)
  File "/home/dengjian/openpilot/openpilot/selfdrive/carrot/carrot_serv.py", line 1498, in update_navi
    pm.send('carrotMan', msg)
  File "/home/dengjian/openpilot/cereal/messaging/__init__.py", line 247, in send
    self.sock[s].send(dat)
  File "msgq_repo/msgq/ipc_pyx.pyx", line 246, in msgq.ipc_pyx.PubSocket.send
msgq.ipc_pyx.MultiplePublishersError: Messaging failure : Address already in use
Killing old publisher: navInstruction
navd.failed_to_compute
Traceback (most recent call last):
  File "/home/dengjian/openpilot/selfdrive/navd/navd.py", line 92, in update
    self.send_instruction()
  File "/home/dengjian/openpilot/selfdrive/navd/navd.py", line 227, in send_instruction
    self.pm.send('navInstruction', msg)
  File "/home/dengjian/openpilot/cereal/messaging/__init__.py", line 247, in send
    self.sock[s].send(dat)
  File "msgq_repo/msgq/ipc_pyx.pyx", line 246, in msgq.ipc_pyx.PubSocket.send
msgq.ipc_pyx.MultiplePublishersError: Messaging failure : Address already in use
Killing old publisher: amapNavi
Killing old publisher: carrotMan
Traceback (most recent call last):
  File "/home/dengjian/openpilot/selfdrive/carrot/carrot_man.py", line 416, in broadcast_version_info
    self.carrot_serv.update_navi(remote_ip, self.sm, self.pm, vturn_speed, coords, distances, route_speed)
  File "/home/dengjian/openpilot/openpilot/selfdrive/carrot/carrot_serv.py", line 1498, in update_navi
    pm.send('carrotMan', msg)
  File "/home/dengjian/openpilot/cereal/messaging/__init__.py", line 247, in send
    self.sock[s].send(dat)
  File "msgq_repo/msgq/ipc_pyx.pyx", line 246, in msgq.ipc_pyx.PubSocket.send
msgq.ipc_pyx.MultiplePublishersError: Messaging failure : Address already in use
Killing old publisher: navInstruction
navd.failed_to_compute
Traceback (most recent call last):
  File "/home/dengjian/openpilot/selfdrive/navd/navd.py", line 92, in update
    self.send_instruction()
  File "/home/dengjian/openpilot/selfdrive/navd/navd.py", line 227, in send_instruction
    self.pm.send('navInstruction', msg)
  File "/home/dengjian/openpilot/cereal/messaging/__init__.py", line 247, in send
    self.sock[s].send(dat)
  File "msgq_repo/msgq/ipc_pyx.pyx", line 246, in msgq.ipc_pyx.PubSocket.send
msgq.ipc_pyx.MultiplePublishersError: Messaging failure : Address already in use
Killing old publisher: amapNavi
Killing old publisher: carrotMan
Traceback (most recent call last):
  File "/home/dengjian/openpilot/selfdrive/carrot/carrot_man.py", line 416, in broadcast_version_info
    self.carrot_serv.update_navi(remote_ip, self.sm, self.pm, vturn_speed, coords, distances, route_speed)
  File "/home/dengjian/openpilot/openpilot/selfdrive/carrot/carrot_serv.py", line 1498, in update_navi
    pm.send('carrotMan', msg)
  File "/home/dengjian/openpilot/cereal/messaging/__init__.py", line 247, in send
    self.sock[s].send(dat)
  File "msgq_repo/msgq/ipc_pyx.pyx", line 246, in msgq.ipc_pyx.PubSocket.send
msgq.ipc_pyx.MultiplePublishersError: Messaging failure : Address already in use
Killing old publisher: navInstruction
navd.failed_to_compute
Traceback (most recent call last):
  File "/home/dengjian/openpilot/selfdrive/navd/navd.py", line 92, in update
    self.send_instruction()
  File "/home/dengjian/openpilot/selfdrive/navd/navd.py", line 227, in send_instruction
    self.pm.send('navInstruction', msg)
  File "/home/dengjian/openpilot/cereal/messaging/__init__.py", line 247, in send
    self.sock[s].send(dat)
  File "msgq_repo/msgq/ipc_pyx.pyx", line 246, in msgq.ipc_pyx.PubSocket.send
msgq.ipc_pyx.MultiplePublishersError: Messaging failure : Address already in use
Killing old publisher: amapNavi
Killing old publisher: carrotMan
Traceback (most recent call last):
  File "/home/dengjian/openpilot/selfdrive/carrot/carrot_man.py", line 416, in broadcast_version_info
    self.carrot_serv.update_navi(remote_ip, self.sm, self.pm, vturn_speed, coords, distances, route_speed)
  File "/home/dengjian/openpilot/openpilot/selfdrive/carrot/carrot_serv.py", line 1498, in update_navi
    pm.send('carrotMan', msg)
  File "/home/dengjian/openpilot/cereal/messaging/__init__.py", line 247, in send
    self.sock[s].send(dat)
  File "msgq_repo/msgq/ipc_pyx.pyx", line 246, in msgq.ipc_pyx.PubSocket.send
msgq.ipc_pyx.MultiplePublishersError: Messaging failure : Address already in use
Killing old publisher: navInstruction
navd.failed_to_compute
Traceback (most recent call last):
  File "/home/dengjian/openpilot/selfdrive/navd/navd.py", line 92, in update
    self.send_instruction()
  File "/home/dengjian/openpilot/selfdrive/navd/navd.py", line 227, in send_instruction
    self.pm.send('navInstruction', msg)
  File "/home/dengjian/openpilot/cereal/messaging/__init__.py", line 247, in send
    self.sock[s].send(dat)
  File "msgq_repo/msgq/ipc_pyx.pyx", line 246, in msgq.ipc_pyx.PubSocket.send
msgq.ipc_pyx.MultiplePublishersError: Messaging failure : Address already in use
Killing old publisher: amapNavi
Killing old publisher: carrotMan
Traceback (most recent call last):
  File "/home/dengjian/openpilot/selfdrive/carrot/carrot_man.py", line 416, in broadcast_version_info
    self.carrot_serv.update_navi(remote_ip, self.sm, self.pm, vturn_speed, coords, distances, route_speed)
  File "/home/dengjian/openpilot/openpilot/selfdrive/carrot/carrot_serv.py", line 1498, in update_navi
    pm.send('carrotMan', msg)
  File "/home/dengjian/openpilot/cereal/messaging/__init__.py", line 247, in send
    self.sock[s].send(dat)
  File "msgq_repo/msgq/ipc_pyx.pyx", line 246, in msgq.ipc_pyx.PubSocket.send
msgq.ipc_pyx.MultiplePublishersError: Messaging failure : Address already in use
Killing old publisher: navInstruction
navd.failed_to_compute
Traceback (most recent call last):
  File "/home/dengjian/openpilot/selfdrive/navd/navd.py", line 92, in update
    self.send_instruction()
  File "/home/dengjian/openpilot/selfdrive/navd/navd.py", line 227, in send_instruction
    self.pm.send('navInstruction', msg)
  File "/home/dengjian/openpilot/cereal/messaging/__init__.py", line 247, in send
    self.sock[s].send(dat)
  File "msgq_repo/msgq/ipc_pyx.pyx", line 246, in msgq.ipc_pyx.PubSocket.send
msgq.ipc_pyx.MultiplePublishersError: Messaging failure : Address already in use
Killing old publisher: amapNavi
Killing old publisher: carrotMan
Traceback (most recent call last):
  File "/home/dengjian/openpilot/selfdrive/carrot/carrot_man.py", line 416, in broadcast_version_info
    self.carrot_serv.update_navi(remote_ip, self.sm, self.pm, vturn_speed, coords, distances, route_speed)
  File "/home/dengjian/openpilot/openpilot/selfdrive/carrot/carrot_serv.py", line 1498, in update_navi
    pm.send('carrotMan', msg)
  File "/home/dengjian/openpilot/cereal/messaging/__init__.py", line 247, in send
    self.sock[s].send(dat)
  File "msgq_repo/msgq/ipc_pyx.pyx", line 246, in msgq.ipc_pyx.PubSocket.send
msgq.ipc_pyx.MultiplePublishersError: Messaging failure : Address already in use
Killing old publisher: navInstruction
navd.failed_to_compute
Traceback (most recent call last):
  File "/home/dengjian/openpilot/selfdrive/navd/navd.py", line 92, in update
    self.send_instruction()
  File "/home/dengjian/openpilot/selfdrive/navd/navd.py", line 227, in send_instruction
    self.pm.send('navInstruction', msg)
  File "/home/dengjian/openpilot/cereal/messaging/__init__.py", line 247, in send
    self.sock[s].send(dat)
  File "msgq_repo/msgq/ipc_pyx.pyx", line 246, in msgq.ipc_pyx.PubSocket.send
msgq.ipc_pyx.MultiplePublishersError: Messaging failure : Address already in use
Killing old publisher: amapNavi
Killing old publisher: carrotMan
Traceback (most recent call last):
  File "/home/dengjian/openpilot/selfdrive/carrot/carrot_man.py", line 416, in broadcast_version_info
    self.carrot_serv.update_navi(remote_ip, self.sm, self.pm, vturn_speed, coords, distances, route_speed)
  File "/home/dengjian/openpilot/openpilot/selfdrive/carrot/carrot_serv.py", line 1498, in update_navi
    pm.send('carrotMan', msg)
  File "/home/dengjian/openpilot/cereal/messaging/__init__.py", line 247, in send
    self.sock[s].send(dat)
  File "msgq_repo/msgq/ipc_pyx.pyx", line 246, in msgq.ipc_pyx.PubSocket.send
msgq.ipc_pyx.MultiplePublishersError: Messaging failure : Address already in use
Killing old publisher: navInstruction
navd.failed_to_compute
Traceback (most recent call last):
  File "/home/dengjian/openpilot/selfdrive/navd/navd.py", line 92, in update
    self.send_instruction()
  File "/home/dengjian/openpilot/selfdrive/navd/navd.py", line 227, in send_instruction
    self.pm.send('navInstruction', msg)
  File "/home/dengjian/openpilot/cereal/messaging/__init__.py", line 247, in send
    self.sock[s].send(dat)
  File "msgq_repo/msgq/ipc_pyx.pyx", line 246, in msgq.ipc_pyx.PubSocket.send
msgq.ipc_pyx.MultiplePublishersError: Messaging failure : Address already in use
Killing old publisher: amapNavi
Killing old publisher: carrotMan
Traceback (most recent call last):
  File "/home/dengjian/openpilot/selfdrive/carrot/carrot_man.py", line 416, in broadcast_version_info
    self.carrot_serv.update_navi(remote_ip, self.sm, self.pm, vturn_speed, coords, distances, route_speed)
  File "/home/dengjian/openpilot/openpilot/selfdrive/carrot/carrot_serv.py", line 1498, in update_navi
    pm.send('carrotMan', msg)
  File "/home/dengjian/openpilot/cereal/messaging/__init__.py", line 247, in send
    self.sock[s].send(dat)
  File "msgq_repo/msgq/ipc_pyx.pyx", line 246, in msgq.ipc_pyx.PubSocket.send
msgq.ipc_pyx.MultiplePublishersError: Messaging failure : Address already in use
Killing old publisher: amapNavi
Killing old publisher: carrotMan
Traceback (most recent call last):
  File "/home/dengjian/openpilot/selfdrive/carrot/carrot_man.py", line 416, in broadcast_version_info
    self.carrot_serv.update_navi(remote_ip, self.sm, self.pm, vturn_speed, coords, distances, route_speed)
  File "/home/dengjian/openpilot/openpilot/selfdrive/carrot/carrot_serv.py", line 1498, in update_navi
    pm.send('carrotMan', msg)
  File "/home/dengjian/openpilot/cereal/messaging/__init__.py", line 247, in send
    self.sock[s].send(dat)
  File "msgq_repo/msgq/ipc_pyx.pyx", line 246, in msgq.ipc_pyx.PubSocket.send
msgq.ipc_pyx.MultiplePublishersError: Messaging failure : Address already in use
Killing old publisher: amapNavi
Killing old publisher: carrotMan
Traceback (most recent call last):
  File "/home/dengjian/openpilot/selfdrive/carrot/carrot_man.py", line 416, in broadcast_version_info
    self.carrot_serv.update_navi(remote_ip, self.sm, self.pm, vturn_speed, coords, distances, route_speed)
  File "/home/dengjian/openpilot/openpilot/selfdrive/carrot/carrot_serv.py", line 1498, in update_navi
    pm.send('carrotMan', msg)
  File "/home/dengjian/openpilot/cereal/messaging/__init__.py", line 247, in send
    self.sock[s].send(dat)
  File "msgq_repo/msgq/ipc_pyx.pyx", line 246, in msgq.ipc_pyx.PubSocket.send
msgq.ipc_pyx.MultiplePublishersError: Messaging failure : Address already in use
Killing old publisher: amapNavi
Killing old publisher: carrotMan
Traceback (most recent call last):
  File "/home/dengjian/openpilot/selfdrive/carrot/carrot_man.py", line 416, in broadcast_version_info
    self.carrot_serv.update_navi(remote_ip, self.sm, self.pm, vturn_speed, coords, distances, route_speed)
  File "/home/dengjian/openpilot/openpilot/selfdrive/carrot/carrot_serv.py", line 1498, in update_navi
    pm.send('carrotMan', msg)
  File "/home/dengjian/openpilot/cereal/messaging/__init__.py", line 247, in send
    self.sock[s].send(dat)
  File "msgq_repo/msgq/ipc_pyx.pyx", line 246, in msgq.ipc_pyx.PubSocket.send
msgq.ipc_pyx.MultiplePublishersError: Messaging failure : Address already in use
Killing old publisher: amapNavi
Killing old publisher: carrotMan
Traceback (most recent call last):
  File "/home/dengjian/openpilot/selfdrive/carrot/carrot_man.py", line 416, in broadcast_version_info
    self.carrot_serv.update_navi(remote_ip, self.sm, self.pm, vturn_speed, coords, distances, route_speed)
  File "/home/dengjian/openpilot/openpilot/selfdrive/carrot/carrot_serv.py", line 1498, in update_navi
    pm.send('carrotMan', msg)
  File "/home/dengjian/openpilot/cereal/messaging/__init__.py", line 247, in send
    self.sock[s].send(dat)
  File "msgq_repo/msgq/ipc_pyx.pyx", line 246, in msgq.ipc_pyx.PubSocket.send
msgq.ipc_pyx.MultiplePublishersError: Messaging failure : Address already in use
Killing old publisher: amapNavi
Killing old publisher: carrotMan
Traceback (most recent call last):
  File "/home/dengjian/openpilot/selfdrive/carrot/carrot_man.py", line 416, in broadcast_version_info
    self.carrot_serv.update_navi(remote_ip, self.sm, self.pm, vturn_speed, coords, distances, route_speed)
  File "/home/dengjian/openpilot/openpilot/selfdrive/carrot/carrot_serv.py", line 1498, in update_navi
    pm.send('carrotMan', msg)
  File "/home/dengjian/openpilot/cereal/messaging/__init__.py", line 247, in send
    self.sock[s].send(dat)
  File "msgq_repo/msgq/ipc_pyx.pyx", line 246, in msgq.ipc_pyx.PubSocket.send
msgq.ipc_pyx.MultiplePublishersError: Messaging failure : Address already in use
Killing old publisher: amapNavi
Killing old publisher: carrotMan
Traceback (most recent call last):
  File "/home/dengjian/openpilot/selfdrive/carrot/carrot_man.py", line 416, in broadcast_version_info
    self.carrot_serv.update_navi(remote_ip, self.sm, self.pm, vturn_speed, coords, distances, route_speed)
  File "/home/dengjian/openpilot/openpilot/selfdrive/carrot/carrot_serv.py", line 1498, in update_navi
    pm.send('carrotMan', msg)
  File "/home/dengjian/openpilot/cereal/messaging/__init__.py", line 247, in send
    self.sock[s].send(dat)
  File "msgq_repo/msgq/ipc_pyx.pyx", line 246, in msgq.ipc_pyx.PubSocket.send
msgq.ipc_pyx.MultiplePublishersError: Messaging failure : Address already in use
Killing old publisher: amapNavi
Killing old publisher: carrotMan
Traceback (most recent call last):
  File "/home/dengjian/openpilot/selfdrive/carrot/carrot_man.py", line 416, in broadcast_version_info
    self.carrot_serv.update_navi(remote_ip, self.sm, self.pm, vturn_speed, coords, distances, route_speed)
  File "/home/dengjian/openpilot/openpilot/selfdrive/carrot/carrot_serv.py", line 1498, in update_navi
    pm.send('carrotMan', msg)
  File "/home/dengjian/openpilot/cereal/messaging/__init__.py", line 247, in send
    self.sock[s].send(dat)
  File "msgq_repo/msgq/ipc_pyx.pyx", line 246, in msgq.ipc_pyx.PubSocket.send
msgq.ipc_pyx.MultiplePublishersError: Messaging failure : Address already in use
Killing old publisher: amapNavi
Killing old publisher: carrotMan
Traceback (most recent call last):
  File "/home/dengjian/openpilot/selfdrive/carrot/carrot_man.py", line 416, in broadcast_version_info
    self.carrot_serv.update_navi(remote_ip, self.sm, self.pm, vturn_speed, coords, distances, route_speed)
  File "/home/dengjian/openpilot/openpilot/selfdrive/carrot/carrot_serv.py", line 1498, in update_navi
    pm.send('carrotMan', msg)
  File "/home/dengjian/openpilot/cereal/messaging/__init__.py", line 247, in send
    self.sock[s].send(dat)
  File "msgq_repo/msgq/ipc_pyx.pyx", line 246, in msgq.ipc_pyx.PubSocket.send
msgq.ipc_pyx.MultiplePublishersError: Messaging failure : Address already in use
Killing old publisher: amapNavi
Killing old publisher: carrotMan
Traceback (most recent call last):
  File "/home/dengjian/openpilot/selfdrive/carrot/carrot_man.py", line 416, in broadcast_version_info
    self.carrot_serv.update_navi(remote_ip, self.sm, self.pm, vturn_speed, coords, distances, route_speed)
  File "/home/dengjian/openpilot/openpilot/selfdrive/carrot/carrot_serv.py", line 1498, in update_navi
    pm.send('carrotMan', msg)
  File "/home/dengjian/openpilot/cereal/messaging/__init__.py", line 247, in send
    self.sock[s].send(dat)
  File "msgq_repo/msgq/ipc_pyx.pyx", line 246, in msgq.ipc_pyx.PubSocket.send
msgq.ipc_pyx.MultiplePublishersError: Messaging failure : Address already in use
Killing old publisher: amapNavi
Killing old publisher: carrotMan
Traceback (most recent call last):
  File "/home/dengjian/openpilot/selfdrive/carrot/carrot_man.py", line 416, in broadcast_version_info
    self.carrot_serv.update_navi(remote_ip, self.sm, self.pm, vturn_speed, coords, distances, route_speed)
  File "/home/dengjian/openpilot/openpilot/selfdrive/carrot/carrot_serv.py", line 1498, in update_navi
    pm.send('carrotMan', msg)
  File "/home/dengjian/openpilot/cereal/messaging/__init__.py", line 247, in send
    self.sock[s].send(dat)
  File "msgq_repo/msgq/ipc_pyx.pyx", line 246, in msgq.ipc_pyx.PubSocket.send
msgq.ipc_pyx.MultiplePublishersError: Messaging failure : Address already in use
Killing old publisher: amapNavi
Killing old publisher: carrotMan
Traceback (most recent call last):
  File "/home/dengjian/openpilot/selfdrive/carrot/carrot_man.py", line 416, in broadcast_version_info
    self.carrot_serv.update_navi(remote_ip, self.sm, self.pm, vturn_speed, coords, distances, route_speed)
  File "/home/dengjian/openpilot/openpilot/selfdrive/carrot/carrot_serv.py", line 1498, in update_navi
    pm.send('carrotMan', msg)
  File "/home/dengjian/openpilot/cereal/messaging/__init__.py", line 247, in send
    self.sock[s].send(dat)
  File "msgq_repo/msgq/ipc_pyx.pyx", line 246, in msgq.ipc_pyx.PubSocket.send
msgq.ipc_pyx.MultiplePublishersError: Messaging failure : Address already in use
Killing old publisher: amapNavi
Killing old publisher: carrotMan
Traceback (most recent call last):
  File "/home/dengjian/openpilot/selfdrive/carrot/carrot_man.py", line 416, in broadcast_version_info
    self.carrot_serv.update_navi(remote_ip, self.sm, self.pm, vturn_speed, coords, distances, route_speed)
