Keyboard Commands:

  | key  |   functionality       |
  |------|-----------------------|
  |  1   | Cruise Resume / Accel |
  |  2   | Cruise Set    / Decel |
  |  3   | Cruise Cancel         |
  |  r   | Reset Simulation      |
  |  i   | Toggle Ignition       |
  |  q   | Exit all              |
  | wasd | Control manually      |

Traceback (most recent call last):
  File "/home/dengjian/openpilot/tools/sim/run_bridge.py", line 43, in <module>
    keyboard_poll_thread(queue)
  File "/home/dengjian/openpilot/openpilot/tools/sim/lib/keyboard_ctrl.py", line 62, in keyboard_poll_thread
    c = getch()
        ^^^^^^^
  File "/home/dengjian/openpilot/openpilot/tools/sim/lib/keyboard_ctrl.py", line 37, in getch
    old_settings = termios.tcgetattr(STDIN_FD)
                   ^^^^^^^^^^^^^^^^^^^^^^^^^^^
termios.error: (25, 'Inappropriate ioctl for device')
[38;20m[INFO] Environment: MetaDriveEnv[0m
[38;20m[INFO] MetaDrive version: 0.4.2.4[0m
[38;20m[INFO] Sensors: [lidar: Lidar(), side_detector: SideDetector(), lane_line_detector: LaneLineDetector(), rgb_road: RGBCameraRoad(1928, 1208)][0m
[38;20m[INFO] Render Mode: offscreen[0m
[38;20m[INFO] Horizon (Max steps per agent): None[0m
[38;20m[INFO] Assets version: 0.4.2.4[0m
[38;20m[INFO] Known Pipes: glxGraphicsPipe[0m
[38;20m[INFO] Assets version: 0.4.2.4[0m
[38;20m[INFO] Known Pipes: glxGraphicsPipe[0m
[33;20m[WARNING] You are using too large buffer! The height is 1208, and width is 1928. It may lower the sample efficiency! Consider reducing buffer size or use cuda image by set [image_on_cuda=True]. (base_camera.py:49)[0m
[38;20m[INFO] Start Scenario Index: 0, Num Scenarios : 1[0m
[33;20m[WARNING] env.vehicle will be deprecated soon. Use env.agent instead (base_env.py:733)[0m
Starting listener for: camerad
